<?xml version="1.0" encoding="UTF-8"?>
<testng-results skipped="0" failed="1" ignored="0" total="3" passed="2">
  <reporter-output>
  </reporter-output>
  <suite name="Default suite" duration-ms="65381" started-at="2019-11-13T12:11:03Z" finished-at="2019-11-13T12:12:09Z">
    <groups>
    </groups>
    <test name="Default test" duration-ms="65381" started-at="2019-11-13T12:11:03Z" finished-at="2019-11-13T12:12:09Z">
      <class name="com.fb.qa.test.FbLoginPageTest">
        <test-method status="PASS" signature="setup()[pri:0, instance:com.fb.qa.test.FbLoginPageTest@3532ec19]" name="setup" is-config="true" duration-ms="28875" started-at="2019-11-13T12:11:03Z" finished-at="2019-11-13T12:11:32Z">
          <reporter-output>
          </reporter-output>
        </test-method> <!-- setup -->
        <test-method status="FAIL" signature="validateloginpagetest()[pri:1, instance:com.fb.qa.test.FbLoginPageTest@3532ec19]" name="validateloginpagetest" duration-ms="73" started-at="2019-11-13T12:11:32Z" finished-at="2019-11-13T12:11:32Z">
          <exception class="java.lang.AssertionError">
            <message>
              <![CDATA[expected [https://www.facebook.com/] but found [Facebook – log in or sign up]]]>
            </message>
            <full-stacktrace>
              <![CDATA[java.lang.AssertionError: expected [https://www.facebook.com/] but found [Facebook – log in or sign up]
at org.testng.Assert.fail(Assert.java:96)
at org.testng.Assert.failNotEquals(Assert.java:776)
at org.testng.Assert.assertEqualsImpl(Assert.java:137)
at org.testng.Assert.assertEquals(Assert.java:118)
at org.testng.Assert.assertEquals(Assert.java:453)
at org.testng.Assert.assertEquals(Assert.java:463)
at com.fb.qa.test.FbLoginPageTest.validateloginpagetest(FbLoginPageTest.java:29)
at sun.reflect.NativeMethodAccessorImpl.invoke0(Native Method)
at sun.reflect.NativeMethodAccessorImpl.invoke(Unknown Source)
at sun.reflect.DelegatingMethodAccessorImpl.invoke(Unknown Source)
at java.lang.reflect.Method.invoke(Unknown Source)
at org.testng.internal.MethodInvocationHelper.invokeMethod(MethodInvocationHelper.java:124)
at org.testng.internal.Invoker.invokeMethod(Invoker.java:583)
at org.testng.internal.Invoker.invokeTestMethod(Invoker.java:719)
at org.testng.internal.Invoker.invokeTestMethods(Invoker.java:989)
at org.testng.internal.TestMethodWorker.invokeTestMethods(TestMethodWorker.java:125)
at org.testng.internal.TestMethodWorker.run(TestMethodWorker.java:109)
at org.testng.TestRunner.privateRun(TestRunner.java:648)
at org.testng.TestRunner.run(TestRunner.java:505)
at org.testng.SuiteRunner.runTest(SuiteRunner.java:455)
at org.testng.SuiteRunner.runSequentially(SuiteRunner.java:450)
at org.testng.SuiteRunner.privateRun(SuiteRunner.java:415)
at org.testng.SuiteRunner.run(SuiteRunner.java:364)
at org.testng.SuiteRunnerWorker.runSuite(SuiteRunnerWorker.java:52)
at org.testng.SuiteRunnerWorker.run(SuiteRunnerWorker.java:84)
at org.testng.TestNG.runSuitesSequentially(TestNG.java:1208)
at org.testng.TestNG.runSuitesLocally(TestNG.java:1137)
at org.testng.TestNG.runSuites(TestNG.java:1049)
at org.testng.TestNG.run(TestNG.java:1017)
at org.testng.remote.AbstractRemoteTestNG.run(AbstractRemoteTestNG.java:115)
at org.testng.remote.RemoteTestNG.initAndRun(RemoteTestNG.java:251)
at org.testng.remote.RemoteTestNG.main(RemoteTestNG.java:77)
]]>
            </full-stacktrace>
          </exception> <!-- java.lang.AssertionError -->
          <reporter-output>
          </reporter-output>
        </test-method> <!-- validateloginpagetest -->
        <test-method status="PASS" signature="teardown()[pri:0, instance:com.fb.qa.test.FbLoginPageTest@3532ec19]" name="teardown" is-config="true" duration-ms="983" started-at="2019-11-13T12:11:32Z" finished-at="2019-11-13T12:11:33Z">
          <reporter-output>
          </reporter-output>
        </test-method> <!-- teardown -->
        <test-method status="PASS" signature="setup()[pri:0, instance:com.fb.qa.test.FbLoginPageTest@3532ec19]" name="setup" is-config="true" duration-ms="12746" started-at="2019-11-13T12:11:33Z" finished-at="2019-11-13T12:11:46Z">
          <reporter-output>
          </reporter-output>
        </test-method> <!-- setup -->
        <test-method status="PASS" signature="validatefblogotest()[pri:2, instance:com.fb.qa.test.FbLoginPageTest@3532ec19]" name="validatefblogotest" duration-ms="1081" started-at="2019-11-13T12:11:46Z" finished-at="2019-11-13T12:11:47Z">
          <reporter-output>
          </reporter-output>
        </test-method> <!-- validatefblogotest -->
        <test-method status="PASS" signature="teardown()[pri:0, instance:com.fb.qa.test.FbLoginPageTest@3532ec19]" name="teardown" is-config="true" duration-ms="957" started-at="2019-11-13T12:11:47Z" finished-at="2019-11-13T12:11:48Z">
          <reporter-output>
          </reporter-output>
        </test-method> <!-- teardown -->
        <test-method status="PASS" signature="setup()[pri:0, instance:com.fb.qa.test.FbLoginPageTest@3532ec19]" name="setup" is-config="true" duration-ms="11935" started-at="2019-11-13T12:11:48Z" finished-at="2019-11-13T12:12:00Z">
          <reporter-output>
          </reporter-output>
        </test-method> <!-- setup -->
        <test-method status="PASS" signature="loginTest()[pri:3, instance:com.fb.qa.test.FbLoginPageTest@3532ec19]" name="loginTest" duration-ms="7693" started-at="2019-11-13T12:12:00Z" finished-at="2019-11-13T12:12:08Z">
          <reporter-output>
          </reporter-output>
        </test-method> <!-- loginTest -->
        <test-method status="PASS" signature="teardown()[pri:0, instance:com.fb.qa.test.FbLoginPageTest@3532ec19]" name="teardown" is-config="true" duration-ms="933" started-at="2019-11-13T12:12:08Z" finished-at="2019-11-13T12:12:09Z">
          <reporter-output>
          </reporter-output>
        </test-method> <!-- teardown -->
      </class> <!-- com.fb.qa.test.FbLoginPageTest -->
    </test> <!-- Default test -->
  </suite> <!-- Default suite -->
</testng-results>
